Flow report for pill
Tue Jun 06 10:37:49 2023
Quartus II Version 9.0 Build 235 06/17/2009 Service Pack 2 SJ Web Edition


---------------------
; Table of Contents ;
---------------------
  1. Legal Notice
  2. Flow Summary
  3. Flow Settings
  4. Flow Non-Default Global Settings
  5. Flow Elapsed Time
  6. Flow OS Summary
  7. Flow Log



----------------
; Legal Notice ;
----------------
Copyright (C) 1991-2009 Altera Corporation
Your use of Altera Corporation's design tools, logic functions 
and other software and tools, and its AMPP partner logic 
functions, and any output files from any of the foregoing 
(including device programming or simulation files), and any 
associated documentation or information are expressly subject 
to the terms and conditions of the Altera Program License 
Subscription Agreement, Altera MegaCore Function License 
Agreement, or other applicable license agreement, including, 
without limitation, that your use is for the sole purpose of 
programming logic devices manufactured by Altera and sold by 
Altera or its authorized distributors.  Please refer to the 
applicable agreement for further details.



+------------------------------------------------------------------------+
; Flow Summary                                                           ;
+-------------------------+----------------------------------------------+
; Flow Status             ; Successful - Tue Jun 06 10:37:49 2023        ;
; Quartus II Version      ; 9.0 Build 235 06/17/2009 SP 2 SJ Web Edition ;
; Revision Name           ; pill                                         ;
; Top-level Entity Name   ; DigitalLogic                                 ;
; Family                  ; MAX7000S                                     ;
; Device                  ; EPM7128SLC84-15                              ;
; Timing Models           ; Final                                        ;
; Met timing requirements ; Yes                                          ;
; Total macrocells        ; 111 / 128 ( 87 % )                           ;
; Total pins              ; 44 / 68 ( 65 % )                             ;
+-------------------------+----------------------------------------------+


+-----------------------------------------+
; Flow Settings                           ;
+-------------------+---------------------+
; Option            ; Setting             ;
+-------------------+---------------------+
; Start date & time ; 06/06/2023 10:37:35 ;
; Main task         ; Compilation         ;
; Revision Name     ; pill                ;
+-------------------+---------------------+


+------------------------------------------------------------------------------------------------------------------------------------------------+
; Flow Non-Default Global Settings                                                                                                               ;
+------------------------------------+------------------------------------------------------------+---------------+-------------+----------------+
; Assignment Name                    ; Value                                                      ; Default Value ; Entity Name ; Section Id     ;
+------------------------------------+------------------------------------------------------------+---------------+-------------+----------------+
; COMPILER_SIGNATURE_ID              ; 127872478671406.168601905511668                            ; --            ; --          ; --             ;
; EDA_OUTPUT_DATA_FORMAT             ; Verilog Hdl                                                ; --            ; --          ; eda_simulation ;
; EDA_SIMULATION_TOOL                ; ModelSim-Altera (Verilog)                                  ; <None>        ; --          ; --             ;
; EDA_TIME_SCALE                     ; 1 ps                                                       ; --            ; --          ; eda_simulation ;
; MAX_CORE_JUNCTION_TEMP             ; 85                                                         ; --            ; --          ; --             ;
; MIN_CORE_JUNCTION_TEMP             ; 0                                                          ; --            ; --          ; --             ;
; MISC_FILE                          ; C:/Users/Lenovo/Desktop/DigitalLogic/pill.dpf              ; --            ; --          ; --             ;
; MISC_FILE                          ; C:/Users/Lenovo/Desktop/DigitalLogic-pill/pill.dpf         ; --            ; --          ; --             ;
; MISC_FILE                          ; C:/Users/Administrator/Desktop/DigitalLogic-pill/pill.dpf  ; --            ; --          ; --             ;
; MISC_FILE                          ; E:/学习大二下/数电课程设计/DigitalLogic-pill1/pill.dpf     ; --            ; --          ; --             ;
; MISC_FILE                          ; C:/Users/Administrator/Desktop/DigitalLogic-pill1/pill.dpf ; --            ; --          ; --             ;
; SEARCH_PATH                        ; divide/                                                    ; --            ; --          ; --             ;
; SEARCH_PATH                        ; cout/                                                      ; --            ; --          ; --             ;
; SEARCH_PATH                        ; control/                                                   ; --            ; --          ; --             ;
; SEARCH_PATH                        ; pill_count/                                                ; --            ; --          ; --             ;
; SEARCH_PATH                        ; pill_count_set/                                            ; --            ; --          ; --             ;
; SEARCH_PATH                        ; pill_count_add/                                            ; --            ; --          ; --             ;
; SEARCH_PATH                        ; total_count/                                               ; --            ; --          ; --             ;
; TOP_LEVEL_ENTITY                   ; DigitalLogic                                               ; pill          ; --          ; --             ;
; USE_GENERATED_PHYSICAL_CONSTRAINTS ; Off                                                        ; --            ; --          ; eda_blast_fpga ;
+------------------------------------+------------------------------------------------------------+---------------+-------------+----------------+


+-----------------------------------------------------------------------------------------------------------------------------+
; Flow Elapsed Time                                                                                                           ;
+-------------------------+--------------+-------------------------+---------------------+------------------------------------+
; Module Name             ; Elapsed Time ; Average Processors Used ; Peak Virtual Memory ; Total CPU Time (on all processors) ;
+-------------------------+--------------+-------------------------+---------------------+------------------------------------+
; Analysis & Synthesis    ; 00:00:05     ; 1.0                     ; 247 MB              ; 00:00:03                           ;
; Fitter                  ; 00:00:00     ; 1.0                     ; 207 MB              ; 00:00:00                           ;
; Assembler               ; 00:00:01     ; 1.0                     ; 200 MB              ; 00:00:00                           ;
; Classic Timing Analyzer ; 00:00:01     ; 1.0                     ; 173 MB              ; 00:00:00                           ;
; EDA Netlist Writer      ; 00:00:02     ; 1.0                     ; 161 MB              ; 00:00:00                           ;
; Total                   ; 00:00:09     ; --                      ; --                  ; 00:00:03                           ;
+-------------------------+--------------+-------------------------+---------------------+------------------------------------+


+------------------------------------------------------------------------------------------+
; Flow OS Summary                                                                          ;
+-------------------------+------------------+---------------+------------+----------------+
; Module Name             ; Machine Hostname ; OS Name       ; OS Version ; Processor type ;
+-------------------------+------------------+---------------+------------+----------------+
; Analysis & Synthesis    ; LAPTOP-F9AAO2G0  ; Windows Vista ; 6.2        ; x86_64         ;
; Fitter                  ; LAPTOP-F9AAO2G0  ; Windows Vista ; 6.2        ; x86_64         ;
; Assembler               ; LAPTOP-F9AAO2G0  ; Windows Vista ; 6.2        ; x86_64         ;
; Classic Timing Analyzer ; LAPTOP-F9AAO2G0  ; Windows Vista ; 6.2        ; x86_64         ;
; EDA Netlist Writer      ; LAPTOP-F9AAO2G0  ; Windows Vista ; 6.2        ; x86_64         ;
+-------------------------+------------------+---------------+------------+----------------+


------------
; Flow Log ;
------------
quartus_map --read_settings_files=on --write_settings_files=off pill -c pill
quartus_fit --read_settings_files=off --write_settings_files=off pill -c pill
quartus_asm --read_settings_files=off --write_settings_files=off pill -c pill
quartus_tan --read_settings_files=off --write_settings_files=off pill -c pill
quartus_eda --read_settings_files=off --write_settings_files=off pill -c pill



