Analysis & Synthesis report for pill
Tue Jun 06 10:37:40 2023
Quartus II Version 9.0 Build 235 06/17/2009 Service Pack 2 SJ Web Edition


---------------------
; Table of Contents ;
---------------------
  1. Legal Notice
  2. Analysis & Synthesis Summary
  3. Analysis & Synthesis Settings
  4. Analysis & Synthesis Source Files Read
  5. Analysis & Synthesis Resource Usage Summary
  6. Analysis & Synthesis Resource Utilization by Entity
  7. User-Specified and Inferred Latches
  8. Source assignments for set:inst|lpm_counter:pill0_rtl_0
  9. Source assignments for set:inst|lpm_counter:bottle1_rtl_1
 10. Source assignments for pill_bottle_counter:inst4|lpm_counter:bottlecount1_rtl_2
 11. Source assignments for pill_bottle_counter:inst4|lpm_counter:pillcount1_rtl_3
 12. Source assignments for pill_bottle_counter:inst4|lpm_counter:cnt100_rtl_4
 13. Source assignments for set:inst|lpm_counter:pill1_rtl_5
 14. Parameter Settings for Inferred Entity Instance: set:inst|lpm_counter:pill0_rtl_0
 15. Parameter Settings for Inferred Entity Instance: set:inst|lpm_counter:bottle1_rtl_1
 16. Parameter Settings for Inferred Entity Instance: pill_bottle_counter:inst4|lpm_counter:bottlecount1_rtl_2
 17. Parameter Settings for Inferred Entity Instance: pill_bottle_counter:inst4|lpm_counter:pillcount1_rtl_3
 18. Parameter Settings for Inferred Entity Instance: pill_bottle_counter:inst4|lpm_counter:cnt100_rtl_4
 19. Parameter Settings for Inferred Entity Instance: set:inst|lpm_counter:pill1_rtl_5
 20. Analysis & Synthesis Messages



----------------
; Legal Notice ;
----------------
Copyright (C) 1991-2009 Altera Corporation
Your use of Altera Corporation's design tools, logic functions 
and other software and tools, and its AMPP partner logic 
functions, and any output files from any of the foregoing 
(including device programming or simulation files), and any 
associated documentation or information are expressly subject 
to the terms and conditions of the Altera Program License 
Subscription Agreement, Altera MegaCore Function License 
Agreement, or other applicable license agreement, including, 
without limitation, that your use is for the sole purpose of 
programming logic devices manufactured by Altera and sold by 
Altera or its authorized distributors.  Please refer to the 
applicable agreement for further details.



+----------------------------------------------------------------------------+
; Analysis & Synthesis Summary                                               ;
+-----------------------------+----------------------------------------------+
; Analysis & Synthesis Status ; Successful - Tue Jun 06 10:37:40 2023        ;
; Quartus II Version          ; 9.0 Build 235 06/17/2009 SP 2 SJ Web Edition ;
; Revision Name               ; pill                                         ;
; Top-level Entity Name       ; DigitalLogic                                 ;
; Family                      ; MAX7000S                                     ;
; Total macrocells            ; 111                                          ;
; Total pins                  ; 40                                           ;
+-----------------------------+----------------------------------------------+


+------------------------------------------------------------------------------------------------+
; Analysis & Synthesis Settings                                                                  ;
+--------------------------------------------------------------+-----------------+---------------+
; Option                                                       ; Setting         ; Default Value ;
+--------------------------------------------------------------+-----------------+---------------+
; Device                                                       ; EPM7128SLC84-15 ;               ;
; Top-level entity name                                        ; DigitalLogic    ; pill          ;
; Family name                                                  ; MAX7000S        ; Stratix II    ;
; Type of Retiming Performed During Resynthesis                ; Full            ;               ;
; Resynthesis Optimization Effort                              ; Normal          ;               ;
; Physical Synthesis Level for Resynthesis                     ; Normal          ;               ;
; Use Generated Physical Constraints File                      ; On              ;               ;
; Use smart compilation                                        ; Off             ; Off           ;
; Create Debugging Nodes for IP Cores                          ; Off             ; Off           ;
; Preserve fewer node names                                    ; On              ; On            ;
; Disable OpenCore Plus hardware evaluation                    ; Off             ; Off           ;
; Verilog Version                                              ; Verilog_2001    ; Verilog_2001  ;
; VHDL Version                                                 ; VHDL93          ; VHDL93        ;
; State Machine Processing                                     ; Auto            ; Auto          ;
; Safe State Machine                                           ; Off             ; Off           ;
; Extract Verilog State Machines                               ; On              ; On            ;
; Extract VHDL State Machines                                  ; On              ; On            ;
; Ignore Verilog initial constructs                            ; Off             ; Off           ;
; Iteration limit for constant Verilog loops                   ; 5000            ; 5000          ;
; Iteration limit for non-constant Verilog loops               ; 250             ; 250           ;
; Add Pass-Through Logic to Inferred RAMs                      ; On              ; On            ;
; Parallel Synthesis                                           ; Off             ; Off           ;
; NOT Gate Push-Back                                           ; On              ; On            ;
; Power-Up Don't Care                                          ; On              ; On            ;
; Remove Duplicate Registers                                   ; On              ; On            ;
; Ignore CARRY Buffers                                         ; Off             ; Off           ;
; Ignore CASCADE Buffers                                       ; Off             ; Off           ;
; Ignore GLOBAL Buffers                                        ; Off             ; Off           ;
; Ignore ROW GLOBAL Buffers                                    ; Off             ; Off           ;
; Ignore LCELL Buffers                                         ; Auto            ; Auto          ;
; Ignore SOFT Buffers                                          ; Off             ; Off           ;
; Limit AHDL Integers to 32 Bits                               ; Off             ; Off           ;
; Optimization Technique                                       ; Speed           ; Speed         ;
; Allow XOR Gate Usage                                         ; On              ; On            ;
; Auto Logic Cell Insertion                                    ; On              ; On            ;
; Parallel Expander Chain Length                               ; 4               ; 4             ;
; Auto Parallel Expanders                                      ; On              ; On            ;
; Auto Open-Drain Pins                                         ; On              ; On            ;
; Auto Resource Sharing                                        ; Off             ; Off           ;
; Maximum Fan-in Per Macrocell                                 ; 100             ; 100           ;
; Use LogicLock Constraints during Resource Balancing          ; On              ; On            ;
; Ignore translate_off and synthesis_off directives            ; Off             ; Off           ;
; Show Parameter Settings Tables in Synthesis Report           ; On              ; On            ;
; HDL message level                                            ; Level2          ; Level2        ;
; Suppress Register Optimization Related Messages              ; Off             ; Off           ;
; Number of Removed Registers Reported in Synthesis Report     ; 100             ; 100           ;
; Number of Inverted Registers Reported in Synthesis Report    ; 100             ; 100           ;
; Block Design Naming                                          ; Auto            ; Auto          ;
; Synthesis Effort                                             ; Auto            ; Auto          ;
; Shift Register Replacement - Allow Asynchronous Clear Signal ; On              ; On            ;
; Analysis & Synthesis Message Level                           ; Medium          ; Medium        ;
+--------------------------------------------------------------+-----------------+---------------+


+--------------------------------------------------------------------------------------------------------------------------------------------------------------+
; Analysis & Synthesis Source Files Read                                                                                                                       ;
+----------------------------------+-----------------+------------------------------------+--------------------------------------------------------------------+
; File Name with User-Entered Path ; Used in Netlist ; File Type                          ; File Name with Absolute Path                                       ;
+----------------------------------+-----------------+------------------------------------+--------------------------------------------------------------------+
; show.vhd                         ; yes             ; User VHDL File                     ; F:/DigitalLogic-pill/show.vhd                                      ;
; set.vhd                          ; yes             ; User VHDL File                     ; F:/DigitalLogic-pill/set.vhd                                       ;
; pill_bottle_counter.vhd          ; yes             ; User VHDL File                     ; F:/DigitalLogic-pill/pill_bottle_counter.vhd                       ;
; DigitalLogic.bdf                 ; yes             ; User Block Diagram/Schematic File  ; F:/DigitalLogic-pill/DigitalLogic.bdf                              ;
; control.vhd                      ; yes             ; User VHDL File                     ; F:/DigitalLogic-pill/control.vhd                                   ;
; DISPLAY_7.vhd                    ; yes             ; User VHDL File                     ; F:/DigitalLogic-pill/DISPLAY_7.vhd                                 ;
; lpm_counter.tdf                  ; yes             ; Megafunction                       ; d:/quartus/quartus/libraries/megafunctions/lpm_counter.tdf         ;
; lpm_constant.inc                 ; yes             ; Megafunction                       ; d:/quartus/quartus/libraries/megafunctions/lpm_constant.inc        ;
; lpm_decode.inc                   ; yes             ; Megafunction                       ; d:/quartus/quartus/libraries/megafunctions/lpm_decode.inc          ;
; lpm_add_sub.inc                  ; yes             ; Megafunction                       ; d:/quartus/quartus/libraries/megafunctions/lpm_add_sub.inc         ;
; cmpconst.inc                     ; yes             ; Megafunction                       ; d:/quartus/quartus/libraries/megafunctions/cmpconst.inc            ;
; lpm_compare.inc                  ; yes             ; Megafunction                       ; d:/quartus/quartus/libraries/megafunctions/lpm_compare.inc         ;
; lpm_counter.inc                  ; yes             ; Megafunction                       ; d:/quartus/quartus/libraries/megafunctions/lpm_counter.inc         ;
; dffeea.inc                       ; yes             ; Megafunction                       ; d:/quartus/quartus/libraries/megafunctions/dffeea.inc              ;
; alt_synch_counter.inc            ; yes             ; Megafunction                       ; d:/quartus/quartus/libraries/megafunctions/alt_synch_counter.inc   ;
; alt_synch_counter_f.inc          ; yes             ; Megafunction                       ; d:/quartus/quartus/libraries/megafunctions/alt_synch_counter_f.inc ;
; alt_counter_f10ke.inc            ; yes             ; Megafunction                       ; d:/quartus/quartus/libraries/megafunctions/alt_counter_f10ke.inc   ;
; alt_counter_stratix.inc          ; yes             ; Megafunction                       ; d:/quartus/quartus/libraries/megafunctions/alt_counter_stratix.inc ;
; aglobal90.inc                    ; yes             ; Megafunction                       ; d:/quartus/quartus/libraries/megafunctions/aglobal90.inc           ;
+----------------------------------+-----------------+------------------------------------+--------------------------------------------------------------------+


+---------------------------------------------+
; Analysis & Synthesis Resource Usage Summary ;
+----------------------+----------------------+
; Resource             ; Usage                ;
+----------------------+----------------------+
; Logic cells          ; 111                  ;
; Total registers      ; 46                   ;
; I/O pins             ; 40                   ;
; Shareable expanders  ; 51                   ;
; Parallel expanders   ; 10                   ;
; Maximum fan-out node ; set                  ;
; Maximum fan-out      ; 104                  ;
; Total fan-out        ; 1261                 ;
; Average fan-out      ; 6.24                 ;
+----------------------+----------------------+


+----------------------------------------------------------------------------------------------------------------------------------------------------+
; Analysis & Synthesis Resource Utilization by Entity                                                                                                ;
+----------------------------------------+------------+------+------------------------------------------------------------------------+--------------+
; Compilation Hierarchy Node             ; Macrocells ; Pins ; Full Hierarchy Name                                                    ; Library Name ;
+----------------------------------------+------------+------+------------------------------------------------------------------------+--------------+
; |DigitalLogic                          ; 111        ; 40   ; |DigitalLogic                                                          ; work         ;
;    |DISPLAY_7:inst3|                   ; 19         ; 0    ; |DigitalLogic|DISPLAY_7:inst3                                          ; work         ;
;    |control:inst2|                     ; 2          ; 0    ; |DigitalLogic|control:inst2                                            ; work         ;
;    |pill_bottle_counter:inst4|         ; 72         ; 0    ; |DigitalLogic|pill_bottle_counter:inst4                                ; work         ;
;       |lpm_counter:bottlecount1_rtl_2| ; 4          ; 0    ; |DigitalLogic|pill_bottle_counter:inst4|lpm_counter:bottlecount1_rtl_2 ; work         ;
;       |lpm_counter:cnt100_rtl_4|       ; 4          ; 0    ; |DigitalLogic|pill_bottle_counter:inst4|lpm_counter:cnt100_rtl_4       ; work         ;
;       |lpm_counter:pillcount1_rtl_3|   ; 4          ; 0    ; |DigitalLogic|pill_bottle_counter:inst4|lpm_counter:pillcount1_rtl_3   ; work         ;
;    |set:inst|                          ; 16         ; 0    ; |DigitalLogic|set:inst                                                 ; work         ;
;       |lpm_counter:bottle1_rtl_1|      ; 4          ; 0    ; |DigitalLogic|set:inst|lpm_counter:bottle1_rtl_1                       ; work         ;
;       |lpm_counter:pill0_rtl_0|        ; 4          ; 0    ; |DigitalLogic|set:inst|lpm_counter:pill0_rtl_0                         ; work         ;
;       |lpm_counter:pill1_rtl_5|        ; 4          ; 0    ; |DigitalLogic|set:inst|lpm_counter:pill1_rtl_5                         ; work         ;
;    |show:inst1|                        ; 1          ; 0    ; |DigitalLogic|show:inst1                                               ; work         ;
+----------------------------------------+------------+------+------------------------------------------------------------------------+--------------+


+---------------------------------------------------------------------------------------------------+
; User-Specified and Inferred Latches                                                               ;
+----------------------------------------------------+---------------------+------------------------+
; Latch Name                                         ; Latch Enable Signal ; Free of Timing Hazards ;
+----------------------------------------------------+---------------------+------------------------+
; pill_bottle_counter:inst4|r                        ; set                 ; yes                    ;
; Number of user-specified and inferred latches = 1  ;                     ;                        ;
+----------------------------------------------------+---------------------+------------------------+
Note: All latches listed above may not be present at the end of synthesis due to various synthesis optimizations.


+---------------------------------------------------------+
; Source assignments for set:inst|lpm_counter:pill0_rtl_0 ;
+---------------------------+-------+------+--------------+
; Assignment                ; Value ; From ; To           ;
+---------------------------+-------+------+--------------+
; SUPPRESS_DA_RULE_INTERNAL ; a101  ; -    ; -            ;
; SUPPRESS_DA_RULE_INTERNAL ; s102  ; -    ; -            ;
; SUPPRESS_DA_RULE_INTERNAL ; s103  ; -    ; -            ;
+---------------------------+-------+------+--------------+


+-----------------------------------------------------------+
; Source assignments for set:inst|lpm_counter:bottle1_rtl_1 ;
+---------------------------+-------+------+----------------+
; Assignment                ; Value ; From ; To             ;
+---------------------------+-------+------+----------------+
; SUPPRESS_DA_RULE_INTERNAL ; a101  ; -    ; -              ;
; SUPPRESS_DA_RULE_INTERNAL ; s102  ; -    ; -              ;
; SUPPRESS_DA_RULE_INTERNAL ; s103  ; -    ; -              ;
+---------------------------+-------+------+----------------+


+---------------------------------------------------------------------------------+
; Source assignments for pill_bottle_counter:inst4|lpm_counter:bottlecount1_rtl_2 ;
+---------------------------+-------+------+--------------------------------------+
; Assignment                ; Value ; From ; To                                   ;
+---------------------------+-------+------+--------------------------------------+
; SUPPRESS_DA_RULE_INTERNAL ; a101  ; -    ; -                                    ;
; SUPPRESS_DA_RULE_INTERNAL ; s102  ; -    ; -                                    ;
; SUPPRESS_DA_RULE_INTERNAL ; s103  ; -    ; -                                    ;
+---------------------------+-------+------+--------------------------------------+


+-------------------------------------------------------------------------------+
; Source assignments for pill_bottle_counter:inst4|lpm_counter:pillcount1_rtl_3 ;
+---------------------------+-------+------+------------------------------------+
; Assignment                ; Value ; From ; To                                 ;
+---------------------------+-------+------+------------------------------------+
; SUPPRESS_DA_RULE_INTERNAL ; a101  ; -    ; -                                  ;
; SUPPRESS_DA_RULE_INTERNAL ; s102  ; -    ; -                                  ;
; SUPPRESS_DA_RULE_INTERNAL ; s103  ; -    ; -                                  ;
+---------------------------+-------+------+------------------------------------+


+---------------------------------------------------------------------------+
; Source assignments for pill_bottle_counter:inst4|lpm_counter:cnt100_rtl_4 ;
+---------------------------+-------+------+--------------------------------+
; Assignment                ; Value ; From ; To                             ;
+---------------------------+-------+------+--------------------------------+
; SUPPRESS_DA_RULE_INTERNAL ; a101  ; -    ; -                              ;
; SUPPRESS_DA_RULE_INTERNAL ; s102  ; -    ; -                              ;
; SUPPRESS_DA_RULE_INTERNAL ; s103  ; -    ; -                              ;
+---------------------------+-------+------+--------------------------------+


+---------------------------------------------------------+
; Source assignments for set:inst|lpm_counter:pill1_rtl_5 ;
+---------------------------+-------+------+--------------+
; Assignment                ; Value ; From ; To           ;
+---------------------------+-------+------+--------------+
; SUPPRESS_DA_RULE_INTERNAL ; a101  ; -    ; -            ;
; SUPPRESS_DA_RULE_INTERNAL ; s102  ; -    ; -            ;
; SUPPRESS_DA_RULE_INTERNAL ; s103  ; -    ; -            ;
+---------------------------+-------+------+--------------+


+-----------------------------------------------------------------------------------+
; Parameter Settings for Inferred Entity Instance: set:inst|lpm_counter:pill0_rtl_0 ;
+------------------------+-------------------+--------------------------------------+
; Parameter Name         ; Value             ; Type                                 ;
+------------------------+-------------------+--------------------------------------+
; AUTO_CARRY_CHAINS      ; ON                ; AUTO_CARRY                           ;
; IGNORE_CARRY_BUFFERS   ; OFF               ; IGNORE_CARRY                         ;
; AUTO_CASCADE_CHAINS    ; ON                ; AUTO_CASCADE                         ;
; IGNORE_CASCADE_BUFFERS ; OFF               ; IGNORE_CASCADE                       ;
; LPM_WIDTH              ; 4                 ; Untyped                              ;
; LPM_DIRECTION          ; UP                ; Untyped                              ;
; LPM_MODULUS            ; 0                 ; Untyped                              ;
; LPM_AVALUE             ; UNUSED            ; Untyped                              ;
; LPM_SVALUE             ; UNUSED            ; Untyped                              ;
; LPM_PORT_UPDOWN        ; PORT_CONNECTIVITY ; Untyped                              ;
; DEVICE_FAMILY          ; MAX7000S          ; Untyped                              ;
; CARRY_CHAIN            ; MANUAL            ; Untyped                              ;
; CARRY_CHAIN_LENGTH     ; 48                ; CARRY_CHAIN_LENGTH                   ;
; NOT_GATE_PUSH_BACK     ; ON                ; NOT_GATE_PUSH_BACK                   ;
; CARRY_CNT_EN           ; SMART             ; Untyped                              ;
; LABWIDE_SCLR           ; ON                ; Untyped                              ;
; USE_NEW_VERSION        ; TRUE              ; Untyped                              ;
; CBXI_PARAMETER         ; NOTHING           ; Untyped                              ;
+------------------------+-------------------+--------------------------------------+
Note: In order to hide this table in the UI and the text report file, please set the "Show Parameter Settings Tables in Synthesis Report" option in "Analysis and Synthesis Settings -> More Settings" to "Off".


+-------------------------------------------------------------------------------------+
; Parameter Settings for Inferred Entity Instance: set:inst|lpm_counter:bottle1_rtl_1 ;
+------------------------+-------------------+----------------------------------------+
; Parameter Name         ; Value             ; Type                                   ;
+------------------------+-------------------+----------------------------------------+
; AUTO_CARRY_CHAINS      ; ON                ; AUTO_CARRY                             ;
; IGNORE_CARRY_BUFFERS   ; OFF               ; IGNORE_CARRY                           ;
; AUTO_CASCADE_CHAINS    ; ON                ; AUTO_CASCADE                           ;
; IGNORE_CASCADE_BUFFERS ; OFF               ; IGNORE_CASCADE                         ;
; LPM_WIDTH              ; 4                 ; Untyped                                ;
; LPM_DIRECTION          ; UP                ; Untyped                                ;
; LPM_MODULUS            ; 0                 ; Untyped                                ;
; LPM_AVALUE             ; UNUSED            ; Untyped                                ;
; LPM_SVALUE             ; UNUSED            ; Untyped                                ;
; LPM_PORT_UPDOWN        ; PORT_CONNECTIVITY ; Untyped                                ;
; DEVICE_FAMILY          ; MAX7000S          ; Untyped                                ;
; CARRY_CHAIN            ; MANUAL            ; Untyped                                ;
; CARRY_CHAIN_LENGTH     ; 48                ; CARRY_CHAIN_LENGTH                     ;
; NOT_GATE_PUSH_BACK     ; ON                ; NOT_GATE_PUSH_BACK                     ;
; CARRY_CNT_EN           ; SMART             ; Untyped                                ;
; LABWIDE_SCLR           ; ON                ; Untyped                                ;
; USE_NEW_VERSION        ; TRUE              ; Untyped                                ;
; CBXI_PARAMETER         ; NOTHING           ; Untyped                                ;
+------------------------+-------------------+----------------------------------------+
Note: In order to hide this table in the UI and the text report file, please set the "Show Parameter Settings Tables in Synthesis Report" option in "Analysis and Synthesis Settings -> More Settings" to "Off".


+-----------------------------------------------------------------------------------------------------------+
; Parameter Settings for Inferred Entity Instance: pill_bottle_counter:inst4|lpm_counter:bottlecount1_rtl_2 ;
+------------------------+-------------------+--------------------------------------------------------------+
; Parameter Name         ; Value             ; Type                                                         ;
+------------------------+-------------------+--------------------------------------------------------------+
; AUTO_CARRY_CHAINS      ; ON                ; AUTO_CARRY                                                   ;
; IGNORE_CARRY_BUFFERS   ; OFF               ; IGNORE_CARRY                                                 ;
; AUTO_CASCADE_CHAINS    ; ON                ; AUTO_CASCADE                                                 ;
; IGNORE_CASCADE_BUFFERS ; OFF               ; IGNORE_CASCADE                                               ;
; LPM_WIDTH              ; 4                 ; Untyped                                                      ;
; LPM_DIRECTION          ; UP                ; Untyped                                                      ;
; LPM_MODULUS            ; 0                 ; Untyped                                                      ;
; LPM_AVALUE             ; UNUSED            ; Untyped                                                      ;
; LPM_SVALUE             ; UNUSED            ; Untyped                                                      ;
; LPM_PORT_UPDOWN        ; PORT_CONNECTIVITY ; Untyped                                                      ;
; DEVICE_FAMILY          ; MAX7000S          ; Untyped                                                      ;
; CARRY_CHAIN            ; MANUAL            ; Untyped                                                      ;
; CARRY_CHAIN_LENGTH     ; 48                ; CARRY_CHAIN_LENGTH                                           ;
; NOT_GATE_PUSH_BACK     ; ON                ; NOT_GATE_PUSH_BACK                                           ;
; CARRY_CNT_EN           ; SMART             ; Untyped                                                      ;
; LABWIDE_SCLR           ; ON                ; Untyped                                                      ;
; USE_NEW_VERSION        ; TRUE              ; Untyped                                                      ;
; CBXI_PARAMETER         ; NOTHING           ; Untyped                                                      ;
+------------------------+-------------------+--------------------------------------------------------------+
Note: In order to hide this table in the UI and the text report file, please set the "Show Parameter Settings Tables in Synthesis Report" option in "Analysis and Synthesis Settings -> More Settings" to "Off".


+---------------------------------------------------------------------------------------------------------+
; Parameter Settings for Inferred Entity Instance: pill_bottle_counter:inst4|lpm_counter:pillcount1_rtl_3 ;
+------------------------+-------------------+------------------------------------------------------------+
; Parameter Name         ; Value             ; Type                                                       ;
+------------------------+-------------------+------------------------------------------------------------+
; AUTO_CARRY_CHAINS      ; ON                ; AUTO_CARRY                                                 ;
; IGNORE_CARRY_BUFFERS   ; OFF               ; IGNORE_CARRY                                               ;
; AUTO_CASCADE_CHAINS    ; ON                ; AUTO_CASCADE                                               ;
; IGNORE_CASCADE_BUFFERS ; OFF               ; IGNORE_CASCADE                                             ;
; LPM_WIDTH              ; 4                 ; Untyped                                                    ;
; LPM_DIRECTION          ; UP                ; Untyped                                                    ;
; LPM_MODULUS            ; 0                 ; Untyped                                                    ;
; LPM_AVALUE             ; UNUSED            ; Untyped                                                    ;
; LPM_SVALUE             ; UNUSED            ; Untyped                                                    ;
; LPM_PORT_UPDOWN        ; PORT_CONNECTIVITY ; Untyped                                                    ;
; DEVICE_FAMILY          ; MAX7000S          ; Untyped                                                    ;
; CARRY_CHAIN            ; MANUAL            ; Untyped                                                    ;
; CARRY_CHAIN_LENGTH     ; 48                ; CARRY_CHAIN_LENGTH                                         ;
; NOT_GATE_PUSH_BACK     ; ON                ; NOT_GATE_PUSH_BACK                                         ;
; CARRY_CNT_EN           ; SMART             ; Untyped                                                    ;
; LABWIDE_SCLR           ; ON                ; Untyped                                                    ;
; USE_NEW_VERSION        ; TRUE              ; Untyped                                                    ;
; CBXI_PARAMETER         ; NOTHING           ; Untyped                                                    ;
+------------------------+-------------------+------------------------------------------------------------+
Note: In order to hide this table in the UI and the text report file, please set the "Show Parameter Settings Tables in Synthesis Report" option in "Analysis and Synthesis Settings -> More Settings" to "Off".


+-----------------------------------------------------------------------------------------------------+
; Parameter Settings for Inferred Entity Instance: pill_bottle_counter:inst4|lpm_counter:cnt100_rtl_4 ;
+------------------------+-------------------+--------------------------------------------------------+
; Parameter Name         ; Value             ; Type                                                   ;
+------------------------+-------------------+--------------------------------------------------------+
; AUTO_CARRY_CHAINS      ; ON                ; AUTO_CARRY                                             ;
; IGNORE_CARRY_BUFFERS   ; OFF               ; IGNORE_CARRY                                           ;
; AUTO_CASCADE_CHAINS    ; ON                ; AUTO_CASCADE                                           ;
; IGNORE_CASCADE_BUFFERS ; OFF               ; IGNORE_CASCADE                                         ;
; LPM_WIDTH              ; 4                 ; Untyped                                                ;
; LPM_DIRECTION          ; UP                ; Untyped                                                ;
; LPM_MODULUS            ; 0                 ; Untyped                                                ;
; LPM_AVALUE             ; UNUSED            ; Untyped                                                ;
; LPM_SVALUE             ; UNUSED            ; Untyped                                                ;
; LPM_PORT_UPDOWN        ; PORT_CONNECTIVITY ; Untyped                                                ;
; DEVICE_FAMILY          ; MAX7000S          ; Untyped                                                ;
; CARRY_CHAIN            ; MANUAL            ; Untyped                                                ;
; CARRY_CHAIN_LENGTH     ; 48                ; CARRY_CHAIN_LENGTH                                     ;
; NOT_GATE_PUSH_BACK     ; ON                ; NOT_GATE_PUSH_BACK                                     ;
; CARRY_CNT_EN           ; SMART             ; Untyped                                                ;
; LABWIDE_SCLR           ; ON                ; Untyped                                                ;
; USE_NEW_VERSION        ; TRUE              ; Untyped                                                ;
; CBXI_PARAMETER         ; NOTHING           ; Untyped                                                ;
+------------------------+-------------------+--------------------------------------------------------+
Note: In order to hide this table in the UI and the text report file, please set the "Show Parameter Settings Tables in Synthesis Report" option in "Analysis and Synthesis Settings -> More Settings" to "Off".


+-----------------------------------------------------------------------------------+
; Parameter Settings for Inferred Entity Instance: set:inst|lpm_counter:pill1_rtl_5 ;
+------------------------+-------------------+--------------------------------------+
; Parameter Name         ; Value             ; Type                                 ;
+------------------------+-------------------+--------------------------------------+
; AUTO_CARRY_CHAINS      ; ON                ; AUTO_CARRY                           ;
; IGNORE_CARRY_BUFFERS   ; OFF               ; IGNORE_CARRY                         ;
; AUTO_CASCADE_CHAINS    ; ON                ; AUTO_CASCADE                         ;
; IGNORE_CASCADE_BUFFERS ; OFF               ; IGNORE_CASCADE                       ;
; LPM_WIDTH              ; 4                 ; Untyped                              ;
; LPM_DIRECTION          ; UP                ; Untyped                              ;
; LPM_MODULUS            ; 0                 ; Untyped                              ;
; LPM_AVALUE             ; UNUSED            ; Untyped                              ;
; LPM_SVALUE             ; UNUSED            ; Untyped                              ;
; LPM_PORT_UPDOWN        ; PORT_CONNECTIVITY ; Untyped                              ;
; DEVICE_FAMILY          ; MAX7000S          ; Untyped                              ;
; CARRY_CHAIN            ; MANUAL            ; Untyped                              ;
; CARRY_CHAIN_LENGTH     ; 48                ; CARRY_CHAIN_LENGTH                   ;
; NOT_GATE_PUSH_BACK     ; ON                ; NOT_GATE_PUSH_BACK                   ;
; CARRY_CNT_EN           ; SMART             ; Untyped                              ;
; LABWIDE_SCLR           ; ON                ; Untyped                              ;
; USE_NEW_VERSION        ; TRUE              ; Untyped                              ;
; CBXI_PARAMETER         ; NOTHING           ; Untyped                              ;
+------------------------+-------------------+--------------------------------------+
Note: In order to hide this table in the UI and the text report file, please set the "Show Parameter Settings Tables in Synthesis Report" option in "Analysis and Synthesis Settings -> More Settings" to "Off".


+-------------------------------+
; Analysis & Synthesis Messages ;
+-------------------------------+
Info: *******************************************************************
Info: Running Quartus II Analysis & Synthesis
    Info: Version 9.0 Build 235 06/17/2009 Service Pack 2 SJ Web Edition
    Info: Processing started: Tue Jun 06 10:37:35 2023
Info: Command: quartus_map --read_settings_files=on --write_settings_files=off pill -c pill
Info: Found 2 design units, including 1 entities, in source file show.vhd
    Info: Found design unit 1: show-func
    Info: Found entity 1: show
Info: Found 2 design units, including 1 entities, in source file set.vhd
    Info: Found design unit 1: set-func
    Info: Found entity 1: set
Info: Found 2 design units, including 1 entities, in source file pill_bottle_counter.vhd
    Info: Found design unit 1: pill_bottle_counter-Behavioral
    Info: Found entity 1: pill_bottle_counter
Info: Found 1 design units, including 1 entities, in source file DigitalLogic.bdf
    Info: Found entity 1: DigitalLogic
Info: Found 2 design units, including 1 entities, in source file control.vhd
    Info: Found design unit 1: control-func
    Info: Found entity 1: control
Info: Found 2 design units, including 1 entities, in source file DISPLAY_7.vhd
    Info: Found design unit 1: DISPLAY_7-BH
    Info: Found entity 1: DISPLAY_7
Info: Elaborating entity "DigitalLogic" for the top level hierarchy
Info: Elaborating entity "set" for hierarchy "set:inst"
Info: Elaborating entity "show" for hierarchy "show:inst1"
Warning (10492): VHDL Process Statement warning at show.vhd(34): signal "clk_1000" is read inside the Process Statement but isn't in the Process Statement's sensitivity list
Info: Elaborating entity "pill_bottle_counter" for hierarchy "pill_bottle_counter:inst4"
Warning (10492): VHDL Process Statement warning at pill_bottle_counter.vhd(94): signal "bottlecount1" is read inside the Process Statement but isn't in the Process Statement's sensitivity list
Warning (10492): VHDL Process Statement warning at pill_bottle_counter.vhd(94): signal "bottlecount0" is read inside the Process Statement but isn't in the Process Statement's sensitivity list
Warning (10492): VHDL Process Statement warning at pill_bottle_counter.vhd(104): signal "switch" is read inside the Process Statement but isn't in the Process Statement's sensitivity list
Warning (10492): VHDL Process Statement warning at pill_bottle_counter.vhd(109): signal "bottlecount1" is read inside the Process Statement but isn't in the Process Statement's sensitivity list
Warning (10492): VHDL Process Statement warning at pill_bottle_counter.vhd(110): signal "bottlecount0" is read inside the Process Statement but isn't in the Process Statement's sensitivity list
Warning (10492): VHDL Process Statement warning at pill_bottle_counter.vhd(113): signal "pillcount0" is read inside the Process Statement but isn't in the Process Statement's sensitivity list
Warning (10492): VHDL Process Statement warning at pill_bottle_counter.vhd(114): signal "pillcount1" is read inside the Process Statement but isn't in the Process Statement's sensitivity list
Warning (10492): VHDL Process Statement warning at pill_bottle_counter.vhd(119): signal "bottlecount0" is read inside the Process Statement but isn't in the Process Statement's sensitivity list
Warning (10492): VHDL Process Statement warning at pill_bottle_counter.vhd(120): signal "bottlecount1" is read inside the Process Statement but isn't in the Process Statement's sensitivity list
Warning (10492): VHDL Process Statement warning at pill_bottle_counter.vhd(122): signal "pillcount1" is read inside the Process Statement but isn't in the Process Statement's sensitivity list
Warning (10492): VHDL Process Statement warning at pill_bottle_counter.vhd(123): signal "pillcount0" is read inside the Process Statement but isn't in the Process Statement's sensitivity list
Warning (10492): VHDL Process Statement warning at pill_bottle_counter.vhd(132): signal "blink_state" is read inside the Process Statement but isn't in the Process Statement's sensitivity list
Warning (10631): VHDL Process Statement warning at pill_bottle_counter.vhd(29): inferring latch(es) for signal or variable "r", which holds its previous value in one or more paths through the process
Info (10041): Inferred latch for "r" at pill_bottle_counter.vhd(29)
Info: Elaborating entity "control" for hierarchy "control:inst2"
Info: Elaborating entity "DISPLAY_7" for hierarchy "DISPLAY_7:inst3"
Info: Inferred 6 megafunctions from design logic
    Info: Inferred lpm_counter megafunction (LPM_WIDTH=4) from the following logic: "set:inst|pill0[0]~12"
    Info: Inferred lpm_counter megafunction (LPM_WIDTH=4) from the following logic: "set:inst|bottle1[0]~12"
    Info: Inferred lpm_counter megafunction (LPM_WIDTH=4) from the following logic: "pill_bottle_counter:inst4|bottlecount1[0]~24"
    Info: Inferred lpm_counter megafunction (LPM_WIDTH=4) from the following logic: "pill_bottle_counter:inst4|pillcount1[0]~24"
    Info: Inferred lpm_counter megafunction (LPM_WIDTH=4) from the following logic: "pill_bottle_counter:inst4|cnt100[0]~29"
    Info: Inferred lpm_counter megafunction (LPM_WIDTH=4) from the following logic: "set:inst|pill1[0]~16"
Info: Elaborated megafunction instantiation "set:inst|lpm_counter:pill0_rtl_0"
Info: Instantiated megafunction "set:inst|lpm_counter:pill0_rtl_0" with the following parameter:
    Info: Parameter "LPM_WIDTH" = "4"
    Info: Parameter "LPM_DIRECTION" = "UP"
    Info: Parameter "LPM_TYPE" = "LPM_COUNTER"
Info: Elaborated megafunction instantiation "pill_bottle_counter:inst4|lpm_counter:bottlecount1_rtl_2"
Info: Instantiated megafunction "pill_bottle_counter:inst4|lpm_counter:bottlecount1_rtl_2" with the following parameter:
    Info: Parameter "LPM_WIDTH" = "4"
    Info: Parameter "LPM_DIRECTION" = "UP"
    Info: Parameter "LPM_TYPE" = "LPM_COUNTER"
Info: Elaborated megafunction instantiation "pill_bottle_counter:inst4|lpm_counter:pillcount1_rtl_3"
Info: Instantiated megafunction "pill_bottle_counter:inst4|lpm_counter:pillcount1_rtl_3" with the following parameter:
    Info: Parameter "LPM_WIDTH" = "4"
    Info: Parameter "LPM_DIRECTION" = "UP"
    Info: Parameter "LPM_TYPE" = "LPM_COUNTER"
Info: Registers with preset signals will power-up high
Info: Implemented 202 device resources after synthesis - the final resource count might be different
    Info: Implemented 9 input pins
    Info: Implemented 31 output pins
    Info: Implemented 111 macrocells
    Info: Implemented 51 shareable expanders
Info: Quartus II Analysis & Synthesis was successful. 0 errors, 14 warnings
    Info: Peak virtual memory: 247 megabytes
    Info: Processing ended: Tue Jun 06 10:37:40 2023
    Info: Elapsed time: 00:00:05
    Info: Total CPU time (on all processors): 00:00:03


